<?xml version="1.0" encoding="UTF-8"?>
<!-- Generated by org.testng.reporters.JUnitXMLReporter -->
<testsuite hostname="Jasvithas-MacBook-Air.local" ignored="36" name="Admin Alert Test" tests="4" failures="4" timestamp="2022-03-13T09:46:35 IST" time="207.75" errors="0">
  <testcase name="testActivityLessthanXhoursCriticalAlertCreated" time="24.34" classname="tests.AdminAlertTest">
    <failure type="org.openqa.selenium.NoSuchElementException" message="no such element: Unable to locate element: {&amp;quot;method&amp;quot;:&amp;quot;xpath&amp;quot;,&amp;quot;selector&amp;quot;:&amp;quot;//td[text()=&amp;apos;ActivityLessthanXhoursCriticalAlertCreated63850&amp;apos;]/following-sibling::td/button[text()=&amp;apos;Delete&amp;apos;]&amp;quot;}
  (Session info: chrome=99.0.4844.51)
For documentation on this error, please visit: https://www.seleniumhq.org/exceptions/no_such_element.html
Build info: version: &amp;apos;3.141.59&amp;apos;, revision: &amp;apos;e82be7d358&amp;apos;, time: &amp;apos;2018-11-14T08:17:03&amp;apos;
System info: host: &amp;apos;Jasvithas-MacBook-Air.local&amp;apos;, ip: &amp;apos;fe80:0:0:0:18e0:9f90:86b6:628e%en0&amp;apos;, os.name: &amp;apos;Mac OS X&amp;apos;, os.arch: &amp;apos;x86_64&amp;apos;, os.version: &amp;apos;12.2.1&amp;apos;, java.version: &amp;apos;1.8.0_321&amp;apos;
Driver info: org.openqa.selenium.chrome.ChromeDriver
Capabilities {acceptInsecureCerts: false, browserName: chrome, browserVersion: 99.0.4844.51, chrome: {chromedriverVersion: 98.0.4758.80 (7f0488e8ba0d8..., userDataDir: /var/folders/by/90mytxvn26g...}, goog:chromeOptions: {debuggerAddress: localhost:52967}, javascriptEnabled: true, networkConnectionEnabled: false, pageLoadStrategy: normal, platform: MAC, platformName: MAC, proxy: Proxy(), setWindowRect: true, strictFileInteractability: false, timeouts: {implicit: 0, pageLoad: 300000, script: 30000}, unhandledPromptBehavior: dismiss and notify, webauthn:extension:credBlob: true, webauthn:extension:largeBlob: true, webauthn:virtualAuthenticators: true}
Session ID: ac229a7006b871686609e690d1c8e1e4
*** Element info: {Using=xpath, value=//td[text()=&amp;apos;ActivityLessthanXhoursCriticalAlertCreated63850&amp;apos;]/following-sibling::td/button[text()=&amp;apos;Delete&amp;apos;]}">
      <![CDATA[org.openqa.selenium.NoSuchElementException: no such element: Unable to locate element: {"method":"xpath","selector":"//td[text()='ActivityLessthanXhoursCriticalAlertCreated63850']/following-sibling::td/button[text()='Delete']"}
  (Session info: chrome=99.0.4844.51)
For documentation on this error, please visit: https://www.seleniumhq.org/exceptions/no_such_element.html
Build info: version: '3.141.59', revision: 'e82be7d358', time: '2018-11-14T08:17:03'
System info: host: 'Jasvithas-MacBook-Air.local', ip: 'fe80:0:0:0:18e0:9f90:86b6:628e%en0', os.name: 'Mac OS X', os.arch: 'x86_64', os.version: '12.2.1', java.version: '1.8.0_321'
Driver info: org.openqa.selenium.chrome.ChromeDriver
Capabilities {acceptInsecureCerts: false, browserName: chrome, browserVersion: 99.0.4844.51, chrome: {chromedriverVersion: 98.0.4758.80 (7f0488e8ba0d8..., userDataDir: /var/folders/by/90mytxvn26g...}, goog:chromeOptions: {debuggerAddress: localhost:52967}, javascriptEnabled: true, networkConnectionEnabled: false, pageLoadStrategy: normal, platform: MAC, platformName: MAC, proxy: Proxy(), setWindowRect: true, strictFileInteractability: false, timeouts: {implicit: 0, pageLoad: 300000, script: 30000}, unhandledPromptBehavior: dismiss and notify, webauthn:extension:credBlob: true, webauthn:extension:largeBlob: true, webauthn:virtualAuthenticators: true}
Session ID: ac229a7006b871686609e690d1c8e1e4
*** Element info: {Using=xpath, value=//td[text()='ActivityLessthanXhoursCriticalAlertCreated63850']/following-sibling::td/button[text()='Delete']}
at org.openqa.selenium.remote.http.W3CHttpResponseCodec.createException(W3CHttpResponseCodec.java:187)
at org.openqa.selenium.remote.http.W3CHttpResponseCodec.decode(W3CHttpResponseCodec.java:122)
at org.openqa.selenium.remote.http.W3CHttpResponseCodec.decode(W3CHttpResponseCodec.java:49)
at org.openqa.selenium.remote.HttpCommandExecutor.execute(HttpCommandExecutor.java:158)
at org.openqa.selenium.remote.service.DriverCommandExecutor.execute(DriverCommandExecutor.java:83)
at org.openqa.selenium.remote.RemoteWebDriver.execute(RemoteWebDriver.java:552)
at org.openqa.selenium.remote.RemoteWebDriver.findElement(RemoteWebDriver.java:323)
at org.openqa.selenium.remote.RemoteWebDriver.findElementByXPath(RemoteWebDriver.java:428)
at org.openqa.selenium.By$ByXPath.findElement(By.java:353)
at org.openqa.selenium.remote.RemoteWebDriver.findElement(RemoteWebDriver.java:315)
at utility.DriverPage.clickOn(DriverPage.java:155)
at pages.Admin_AlertsPage.deleteExistingAlert(Admin_AlertsPage.java:182)
at tests.AdminAlertTest.testActivityLessthanXhoursCriticalAlertCreated(AdminAlertTest.java:172)
at java.util.ArrayList.forEach(ArrayList.java:1259)
at java.util.concurrent.FutureTask.run(FutureTask.java:266)
at java.util.concurrent.ThreadPoolExecutor.runWorker(ThreadPoolExecutor.java:1149)
at java.util.concurrent.ThreadPoolExecutor$Worker.run(ThreadPoolExecutor.java:624)
at java.lang.Thread.run(Thread.java:750)
... Removed 22 stack frames]]>
    </failure>
  </testcase> <!-- testActivityLessthanXhoursCriticalAlertCreated -->
  <testcase name="testActivityLessthanXhoursInfoAlertCreated" time="23.769" classname="tests.AdminAlertTest">
    <failure type="org.openqa.selenium.NoSuchElementException" message="no such element: Unable to locate element: {&amp;quot;method&amp;quot;:&amp;quot;xpath&amp;quot;,&amp;quot;selector&amp;quot;:&amp;quot;//td[text()=&amp;apos;ActivityLessthanXhoursInfoAlertCreated63850&amp;apos;]/following-sibling::td/button[text()=&amp;apos;Delete&amp;apos;]&amp;quot;}
  (Session info: chrome=99.0.4844.51)
For documentation on this error, please visit: https://www.seleniumhq.org/exceptions/no_such_element.html
Build info: version: &amp;apos;3.141.59&amp;apos;, revision: &amp;apos;e82be7d358&amp;apos;, time: &amp;apos;2018-11-14T08:17:03&amp;apos;
System info: host: &amp;apos;Jasvithas-MacBook-Air.local&amp;apos;, ip: &amp;apos;fe80:0:0:0:18e0:9f90:86b6:628e%en0&amp;apos;, os.name: &amp;apos;Mac OS X&amp;apos;, os.arch: &amp;apos;x86_64&amp;apos;, os.version: &amp;apos;12.2.1&amp;apos;, java.version: &amp;apos;1.8.0_321&amp;apos;
Driver info: org.openqa.selenium.chrome.ChromeDriver
Capabilities {acceptInsecureCerts: false, browserName: chrome, browserVersion: 99.0.4844.51, chrome: {chromedriverVersion: 98.0.4758.80 (7f0488e8ba0d8..., userDataDir: /var/folders/by/90mytxvn26g...}, goog:chromeOptions: {debuggerAddress: localhost:52989}, javascriptEnabled: true, networkConnectionEnabled: false, pageLoadStrategy: normal, platform: MAC, platformName: MAC, proxy: Proxy(), setWindowRect: true, strictFileInteractability: false, timeouts: {implicit: 0, pageLoad: 300000, script: 30000}, unhandledPromptBehavior: dismiss and notify, webauthn:extension:credBlob: true, webauthn:extension:largeBlob: true, webauthn:virtualAuthenticators: true}
Session ID: 851856cededdb3c1f765e812e0619297
*** Element info: {Using=xpath, value=//td[text()=&amp;apos;ActivityLessthanXhoursInfoAlertCreated63850&amp;apos;]/following-sibling::td/button[text()=&amp;apos;Delete&amp;apos;]}">
      <![CDATA[org.openqa.selenium.NoSuchElementException: no such element: Unable to locate element: {"method":"xpath","selector":"//td[text()='ActivityLessthanXhoursInfoAlertCreated63850']/following-sibling::td/button[text()='Delete']"}
  (Session info: chrome=99.0.4844.51)
For documentation on this error, please visit: https://www.seleniumhq.org/exceptions/no_such_element.html
Build info: version: '3.141.59', revision: 'e82be7d358', time: '2018-11-14T08:17:03'
System info: host: 'Jasvithas-MacBook-Air.local', ip: 'fe80:0:0:0:18e0:9f90:86b6:628e%en0', os.name: 'Mac OS X', os.arch: 'x86_64', os.version: '12.2.1', java.version: '1.8.0_321'
Driver info: org.openqa.selenium.chrome.ChromeDriver
Capabilities {acceptInsecureCerts: false, browserName: chrome, browserVersion: 99.0.4844.51, chrome: {chromedriverVersion: 98.0.4758.80 (7f0488e8ba0d8..., userDataDir: /var/folders/by/90mytxvn26g...}, goog:chromeOptions: {debuggerAddress: localhost:52989}, javascriptEnabled: true, networkConnectionEnabled: false, pageLoadStrategy: normal, platform: MAC, platformName: MAC, proxy: Proxy(), setWindowRect: true, strictFileInteractability: false, timeouts: {implicit: 0, pageLoad: 300000, script: 30000}, unhandledPromptBehavior: dismiss and notify, webauthn:extension:credBlob: true, webauthn:extension:largeBlob: true, webauthn:virtualAuthenticators: true}
Session ID: 851856cededdb3c1f765e812e0619297
*** Element info: {Using=xpath, value=//td[text()='ActivityLessthanXhoursInfoAlertCreated63850']/following-sibling::td/button[text()='Delete']}
at org.openqa.selenium.remote.http.W3CHttpResponseCodec.createException(W3CHttpResponseCodec.java:187)
at org.openqa.selenium.remote.http.W3CHttpResponseCodec.decode(W3CHttpResponseCodec.java:122)
at org.openqa.selenium.remote.http.W3CHttpResponseCodec.decode(W3CHttpResponseCodec.java:49)
at org.openqa.selenium.remote.HttpCommandExecutor.execute(HttpCommandExecutor.java:158)
at org.openqa.selenium.remote.service.DriverCommandExecutor.execute(DriverCommandExecutor.java:83)
at org.openqa.selenium.remote.RemoteWebDriver.execute(RemoteWebDriver.java:552)
at org.openqa.selenium.remote.RemoteWebDriver.findElement(RemoteWebDriver.java:323)
at org.openqa.selenium.remote.RemoteWebDriver.findElementByXPath(RemoteWebDriver.java:428)
at org.openqa.selenium.By$ByXPath.findElement(By.java:353)
at org.openqa.selenium.remote.RemoteWebDriver.findElement(RemoteWebDriver.java:315)
at utility.DriverPage.clickOn(DriverPage.java:155)
at pages.Admin_AlertsPage.deleteExistingAlert(Admin_AlertsPage.java:182)
at tests.AdminAlertTest.testActivityLessthanXhoursInfoAlertCreated(AdminAlertTest.java:82)
at java.util.ArrayList.forEach(ArrayList.java:1259)
at java.util.concurrent.FutureTask.run(FutureTask.java:266)
at java.util.concurrent.ThreadPoolExecutor.runWorker(ThreadPoolExecutor.java:1149)
at java.util.concurrent.ThreadPoolExecutor$Worker.run(ThreadPoolExecutor.java:624)
at java.lang.Thread.run(Thread.java:750)
... Removed 22 stack frames]]>
    </failure>
  </testcase> <!-- testActivityLessthanXhoursInfoAlertCreated -->
  <testcase name="testActivityLessthanXhoursWarningAlertCreated" time="23.523" classname="tests.AdminAlertTest">
    <failure type="org.openqa.selenium.NoSuchElementException" message="no such element: Unable to locate element: {&amp;quot;method&amp;quot;:&amp;quot;xpath&amp;quot;,&amp;quot;selector&amp;quot;:&amp;quot;//td[text()=&amp;apos;ActivityLessthanXhoursWarningAlertCreated63850&amp;apos;]/following-sibling::td/button[text()=&amp;apos;Delete&amp;apos;]&amp;quot;}
  (Session info: chrome=99.0.4844.51)
For documentation on this error, please visit: https://www.seleniumhq.org/exceptions/no_such_element.html
Build info: version: &amp;apos;3.141.59&amp;apos;, revision: &amp;apos;e82be7d358&amp;apos;, time: &amp;apos;2018-11-14T08:17:03&amp;apos;
System info: host: &amp;apos;Jasvithas-MacBook-Air.local&amp;apos;, ip: &amp;apos;fe80:0:0:0:18e0:9f90:86b6:628e%en0&amp;apos;, os.name: &amp;apos;Mac OS X&amp;apos;, os.arch: &amp;apos;x86_64&amp;apos;, os.version: &amp;apos;12.2.1&amp;apos;, java.version: &amp;apos;1.8.0_321&amp;apos;
Driver info: org.openqa.selenium.chrome.ChromeDriver
Capabilities {acceptInsecureCerts: false, browserName: chrome, browserVersion: 99.0.4844.51, chrome: {chromedriverVersion: 98.0.4758.80 (7f0488e8ba0d8..., userDataDir: /var/folders/by/90mytxvn26g...}, goog:chromeOptions: {debuggerAddress: localhost:53014}, javascriptEnabled: true, networkConnectionEnabled: false, pageLoadStrategy: normal, platform: MAC, platformName: MAC, proxy: Proxy(), setWindowRect: true, strictFileInteractability: false, timeouts: {implicit: 0, pageLoad: 300000, script: 30000}, unhandledPromptBehavior: dismiss and notify, webauthn:extension:credBlob: true, webauthn:extension:largeBlob: true, webauthn:virtualAuthenticators: true}
Session ID: 8c78c91f5e61cf0485f9056a4965c09c
*** Element info: {Using=xpath, value=//td[text()=&amp;apos;ActivityLessthanXhoursWarningAlertCreated63850&amp;apos;]/following-sibling::td/button[text()=&amp;apos;Delete&amp;apos;]}">
      <![CDATA[org.openqa.selenium.NoSuchElementException: no such element: Unable to locate element: {"method":"xpath","selector":"//td[text()='ActivityLessthanXhoursWarningAlertCreated63850']/following-sibling::td/button[text()='Delete']"}
  (Session info: chrome=99.0.4844.51)
For documentation on this error, please visit: https://www.seleniumhq.org/exceptions/no_such_element.html
Build info: version: '3.141.59', revision: 'e82be7d358', time: '2018-11-14T08:17:03'
System info: host: 'Jasvithas-MacBook-Air.local', ip: 'fe80:0:0:0:18e0:9f90:86b6:628e%en0', os.name: 'Mac OS X', os.arch: 'x86_64', os.version: '12.2.1', java.version: '1.8.0_321'
Driver info: org.openqa.selenium.chrome.ChromeDriver
Capabilities {acceptInsecureCerts: false, browserName: chrome, browserVersion: 99.0.4844.51, chrome: {chromedriverVersion: 98.0.4758.80 (7f0488e8ba0d8..., userDataDir: /var/folders/by/90mytxvn26g...}, goog:chromeOptions: {debuggerAddress: localhost:53014}, javascriptEnabled: true, networkConnectionEnabled: false, pageLoadStrategy: normal, platform: MAC, platformName: MAC, proxy: Proxy(), setWindowRect: true, strictFileInteractability: false, timeouts: {implicit: 0, pageLoad: 300000, script: 30000}, unhandledPromptBehavior: dismiss and notify, webauthn:extension:credBlob: true, webauthn:extension:largeBlob: true, webauthn:virtualAuthenticators: true}
Session ID: 8c78c91f5e61cf0485f9056a4965c09c
*** Element info: {Using=xpath, value=//td[text()='ActivityLessthanXhoursWarningAlertCreated63850']/following-sibling::td/button[text()='Delete']}
at org.openqa.selenium.remote.http.W3CHttpResponseCodec.createException(W3CHttpResponseCodec.java:187)
at org.openqa.selenium.remote.http.W3CHttpResponseCodec.decode(W3CHttpResponseCodec.java:122)
at org.openqa.selenium.remote.http.W3CHttpResponseCodec.decode(W3CHttpResponseCodec.java:49)
at org.openqa.selenium.remote.HttpCommandExecutor.execute(HttpCommandExecutor.java:158)
at org.openqa.selenium.remote.service.DriverCommandExecutor.execute(DriverCommandExecutor.java:83)
at org.openqa.selenium.remote.RemoteWebDriver.execute(RemoteWebDriver.java:552)
at org.openqa.selenium.remote.RemoteWebDriver.findElement(RemoteWebDriver.java:323)
at org.openqa.selenium.remote.RemoteWebDriver.findElementByXPath(RemoteWebDriver.java:428)
at org.openqa.selenium.By$ByXPath.findElement(By.java:353)
at org.openqa.selenium.remote.RemoteWebDriver.findElement(RemoteWebDriver.java:315)
at utility.DriverPage.clickOn(DriverPage.java:155)
at pages.Admin_AlertsPage.deleteExistingAlert(Admin_AlertsPage.java:182)
at tests.AdminAlertTest.testActivityLessthanXhoursWarningAlertCreated(AdminAlertTest.java:127)
at java.util.ArrayList.forEach(ArrayList.java:1259)
at java.util.concurrent.FutureTask.run(FutureTask.java:266)
at java.util.concurrent.ThreadPoolExecutor.runWorker(ThreadPoolExecutor.java:1149)
at java.util.concurrent.ThreadPoolExecutor$Worker.run(ThreadPoolExecutor.java:624)
at java.lang.Thread.run(Thread.java:750)
... Removed 22 stack frames]]>
    </failure>
  </testcase> <!-- testActivityLessthanXhoursWarningAlertCreated -->
  <testcase name="testUserIsAbleToFilterAlertWithNameContains" time="4.778" classname="tests.AdminAlertTest">
    <failure type="org.openqa.selenium.ElementClickInterceptedException" message="element click intercepted: Element &amp;lt;i class=&amp;quot;fas fa-filter&amp;quot;&amp;gt;&amp;lt;/i&amp;gt; is not clickable at point (1305, 70). Other element would receive the click: &amp;lt;div class=&amp;quot;k-overlay&amp;quot; aria-hidden=&amp;quot;true&amp;quot; tabindex=&amp;quot;-1&amp;quot;&amp;gt;&amp;lt;/div&amp;gt;
  (Session info: chrome=99.0.4844.51)
Build info: version: &amp;apos;3.141.59&amp;apos;, revision: &amp;apos;e82be7d358&amp;apos;, time: &amp;apos;2018-11-14T08:17:03&amp;apos;
System info: host: &amp;apos;Jasvithas-MacBook-Air.local&amp;apos;, ip: &amp;apos;fe80:0:0:0:18e0:9f90:86b6:628e%en0&amp;apos;, os.name: &amp;apos;Mac OS X&amp;apos;, os.arch: &amp;apos;x86_64&amp;apos;, os.version: &amp;apos;12.2.1&amp;apos;, java.version: &amp;apos;1.8.0_321&amp;apos;
Driver info: org.openqa.selenium.chrome.ChromeDriver
Capabilities {acceptInsecureCerts: false, browserName: chrome, browserVersion: 99.0.4844.51, chrome: {chromedriverVersion: 98.0.4758.80 (7f0488e8ba0d8..., userDataDir: /var/folders/by/90mytxvn26g...}, goog:chromeOptions: {debuggerAddress: localhost:53034}, javascriptEnabled: true, networkConnectionEnabled: false, pageLoadStrategy: normal, platform: MAC, platformName: MAC, proxy: Proxy(), setWindowRect: true, strictFileInteractability: false, timeouts: {implicit: 0, pageLoad: 300000, script: 30000}, unhandledPromptBehavior: dismiss and notify, webauthn:extension:credBlob: true, webauthn:extension:largeBlob: true, webauthn:virtualAuthenticators: true}
Session ID: 2a57e541e905522862a8d34a5146225a">
      <![CDATA[org.openqa.selenium.ElementClickInterceptedException: element click intercepted: Element <i class="fas fa-filter"></i> is not clickable at point (1305, 70). Other element would receive the click: <div class="k-overlay" aria-hidden="true" tabindex="-1"></div>
  (Session info: chrome=99.0.4844.51)
Build info: version: '3.141.59', revision: 'e82be7d358', time: '2018-11-14T08:17:03'
System info: host: 'Jasvithas-MacBook-Air.local', ip: 'fe80:0:0:0:18e0:9f90:86b6:628e%en0', os.name: 'Mac OS X', os.arch: 'x86_64', os.version: '12.2.1', java.version: '1.8.0_321'
Driver info: org.openqa.selenium.chrome.ChromeDriver
Capabilities {acceptInsecureCerts: false, browserName: chrome, browserVersion: 99.0.4844.51, chrome: {chromedriverVersion: 98.0.4758.80 (7f0488e8ba0d8..., userDataDir: /var/folders/by/90mytxvn26g...}, goog:chromeOptions: {debuggerAddress: localhost:53034}, javascriptEnabled: true, networkConnectionEnabled: false, pageLoadStrategy: normal, platform: MAC, platformName: MAC, proxy: Proxy(), setWindowRect: true, strictFileInteractability: false, timeouts: {implicit: 0, pageLoad: 300000, script: 30000}, unhandledPromptBehavior: dismiss and notify, webauthn:extension:credBlob: true, webauthn:extension:largeBlob: true, webauthn:virtualAuthenticators: true}
Session ID: 2a57e541e905522862a8d34a5146225a
at org.openqa.selenium.remote.http.W3CHttpResponseCodec.createException(W3CHttpResponseCodec.java:187)
at org.openqa.selenium.remote.http.W3CHttpResponseCodec.decode(W3CHttpResponseCodec.java:122)
at org.openqa.selenium.remote.http.W3CHttpResponseCodec.decode(W3CHttpResponseCodec.java:49)
at org.openqa.selenium.remote.HttpCommandExecutor.execute(HttpCommandExecutor.java:158)
at org.openqa.selenium.remote.service.DriverCommandExecutor.execute(DriverCommandExecutor.java:83)
at org.openqa.selenium.remote.RemoteWebDriver.execute(RemoteWebDriver.java:552)
at org.openqa.selenium.remote.RemoteWebElement.execute(RemoteWebElement.java:285)
at org.openqa.selenium.remote.RemoteWebElement.click(RemoteWebElement.java:84)
at utility.DriverPage.clickOn(DriverPage.java:155)
at pages.FilterDialogPage.clickOnFilterButton(FilterDialogPage.java:17)
at tests.AdminAlertTest.testUserIsAbleToFilterAlertWithNameContains(AdminAlertTest.java:1124)
at java.util.ArrayList.forEach(ArrayList.java:1259)
at java.util.concurrent.FutureTask.run(FutureTask.java:266)
at java.util.concurrent.ThreadPoolExecutor.runWorker(ThreadPoolExecutor.java:1149)
at java.util.concurrent.ThreadPoolExecutor$Worker.run(ThreadPoolExecutor.java:624)
at java.lang.Thread.run(Thread.java:750)
... Removed 22 stack frames]]>
    </failure>
  </testcase> <!-- testUserIsAbleToFilterAlertWithNameContains -->
  <testcase name="testUserIsAbleToEditExistingAlert" time="0.0" classname="tests.AdminAlertTest">
    <ignored/>
  </testcase> <!-- testUserIsAbleToEditExistingAlert -->
  <testcase name="testNoItemsIsDisplayedWhenUserApplyFilterWithnetaapKeywordAndStarWithConditionForIntegratorsFields" time="0.0" classname="tests.AdminAlertTest">
    <ignored/>
  </testcase> <!-- testNoItemsIsDisplayedWhenUserApplyFilterWithnetaapKeywordAndStarWithConditionForIntegratorsFields -->
  <testcase name="testCreateAnAlertFileOperationOffice365ForUploadedOperation" time="0.0" classname="tests.AdminAlertTest">
    <ignored/>
  </testcase> <!-- testCreateAnAlertFileOperationOffice365ForUploadedOperation -->
  <testcase name="testCreateAnAlertOfNetAppQaFileOperationOnIntegratorsForReadOperation" time="0.0" classname="tests.AdminAlertTest">
    <ignored/>
  </testcase> <!-- testCreateAnAlertOfNetAppQaFileOperationOnIntegratorsForReadOperation -->
  <testcase name="testCreateAnAlertFileOperationOffice365ForRenamedOperation" time="0.0" classname="tests.AdminAlertTest">
    <ignored/>
  </testcase> <!-- testCreateAnAlertFileOperationOffice365ForRenamedOperation -->
  <testcase name="testUserIsAbleToFilterAlertBySeverityAsWarning" time="0.0" classname="tests.AdminAlertTest">
    <ignored/>
  </testcase> <!-- testUserIsAbleToFilterAlertBySeverityAsWarning -->
  <testcase name="testCreateAnAlertFileOperationOffice365ForDeletedOperation" time="0.0" classname="tests.AdminAlertTest">
    <ignored/>
  </testcase> <!-- testCreateAnAlertFileOperationOffice365ForDeletedOperation -->
  <testcase name="testCreateAnAlertOfNetAppQaFileOperationOnIntegratorsForDeletedOperation" time="0.0" classname="tests.AdminAlertTest">
    <ignored/>
  </testcase> <!-- testCreateAnAlertOfNetAppQaFileOperationOnIntegratorsForDeletedOperation -->
  <testcase name="testNoItemsIsDisplayedWhenUserApplyFilterWithUnmatchedKeywordAndContainsConditionForIntegratorsFields" time="0.0" classname="tests.AdminAlertTest">
    <ignored/>
  </testcase> <!-- testNoItemsIsDisplayedWhenUserApplyFilterWithUnmatchedKeywordAndContainsConditionForIntegratorsFields -->
  <testcase name="testUserIsAbleToFilterAlertBySeverityAsCritical" time="0.0" classname="tests.AdminAlertTest">
    <ignored/>
  </testcase> <!-- testUserIsAbleToFilterAlertBySeverityAsCritical -->
  <testcase name="testCreateAnAlertOfFileOperationOnAgentsForDeleteOperation" time="0.0" classname="tests.AdminAlertTest">
    <ignored/>
  </testcase> <!-- testCreateAnAlertOfFileOperationOnAgentsForDeleteOperation -->
  <testcase name="testCreateAnAlertOfFileOperationOnIntegratorWindowServerAgentasReadOperationAlert" time="0.0" classname="tests.AdminAlertTest">
    <ignored/>
  </testcase> <!-- testCreateAnAlertOfFileOperationOnIntegratorWindowServerAgentasReadOperationAlert -->
  <testcase name="testNoItemsIsDisplayedWhenUserApplyFilterWithQAKeywordAndEqualsConditionForIntegratorsFields" time="0.0" classname="tests.AdminAlertTest">
    <ignored/>
  </testcase> <!-- testNoItemsIsDisplayedWhenUserApplyFilterWithQAKeywordAndEqualsConditionForIntegratorsFields -->
  <testcase name="testUserIsAbleToFilterAlertByIntegrationNameFileOperationOnIntegrators" time="0.0" classname="tests.AdminAlertTest">
    <ignored/>
  </testcase> <!-- testUserIsAbleToFilterAlertByIntegrationNameFileOperationOnIntegrators -->
  <testcase name="testCreateAnAlertOfFileOperationOnIntegratorWindowServerAgentDeletedOperationAlert" time="0.0" classname="tests.AdminAlertTest">
    <ignored/>
  </testcase> <!-- testCreateAnAlertOfFileOperationOnIntegratorWindowServerAgentDeletedOperationAlert -->
  <testcase name="testUserIsAbleToFilterAlertByNameTypeIntegrationAndSeverity" time="0.0" classname="tests.AdminAlertTest">
    <ignored/>
  </testcase> <!-- testUserIsAbleToFilterAlertByNameTypeIntegrationAndSeverity -->
  <testcase name="testCreateAnAlertOfNetAppQaFileOperationOnIntegratorsForModifiedOperation" time="0.0" classname="tests.AdminAlertTest">
    <ignored/>
  </testcase> <!-- testCreateAnAlertOfNetAppQaFileOperationOnIntegratorsForModifiedOperation -->
  <testcase name="testCreateAnAlertOfFileOperationOnIntegratorWindowServerAgentasModifiedOperationAlert" time="0.0" classname="tests.AdminAlertTest">
    <ignored/>
  </testcase> <!-- testCreateAnAlertOfFileOperationOnIntegratorWindowServerAgentasModifiedOperationAlert -->
  <testcase name="testCreateAnAlertOfFileOperationOnAgentsForModifiedOperation" time="0.0" classname="tests.AdminAlertTest">
    <ignored/>
  </testcase> <!-- testCreateAnAlertOfFileOperationOnAgentsForModifiedOperation -->
  <testcase name="testCreateAnAlertOfFileOperationOnAgentsForCreatedOperation" time="0.0" classname="tests.AdminAlertTest">
    <ignored/>
  </testcase> <!-- testCreateAnAlertOfFileOperationOnAgentsForCreatedOperation -->
  <testcase name="testCreateAnAlertFileOperationOffice365ForModifiedOperation" time="0.0" classname="tests.AdminAlertTest">
    <ignored/>
  </testcase> <!-- testCreateAnAlertFileOperationOffice365ForModifiedOperation -->
  <testcase name="testCreateAnAlertOfFileOperationOnAgentsForRenamedOperation" time="0.0" classname="tests.AdminAlertTest">
    <ignored/>
  </testcase> <!-- testCreateAnAlertOfFileOperationOnAgentsForRenamedOperation -->
  <testcase name="testUserIsAbleToFilterAlertWithNameStartWith" time="0.0" classname="tests.AdminAlertTest">
    <ignored/>
  </testcase> <!-- testUserIsAbleToFilterAlertWithNameStartWith -->
  <testcase name="testUserIsAbleToFilterAlertByNameTypeAndIntegration" time="0.0" classname="tests.AdminAlertTest">
    <ignored/>
  </testcase> <!-- testUserIsAbleToFilterAlertByNameTypeAndIntegration -->
  <testcase name="testCreateAnAlertOfFileOperationOnIntegratorWindowServerAgentasCreatedOperationAlert" time="0.0" classname="tests.AdminAlertTest">
    <ignored/>
  </testcase> <!-- testCreateAnAlertOfFileOperationOnIntegratorWindowServerAgentasCreatedOperationAlert -->
  <testcase name="testUserIsAbleToFilterAlertByIntegrationNameActivityLessThanXHours" time="0.0" classname="tests.AdminAlertTest">
    <ignored/>
  </testcase> <!-- testUserIsAbleToFilterAlertByIntegrationNameActivityLessThanXHours -->
  <testcase name="testUserIsAbleToFilterAlertEqualsToNetAppQAInIntegrators" time="0.0" classname="tests.AdminAlertTest">
    <ignored/>
  </testcase> <!-- testUserIsAbleToFilterAlertEqualsToNetAppQAInIntegrators -->
  <testcase name="testCreateAnAlertOfNetAppQaFileOperationOnIntegratorsForCreatedOperation" time="0.0" classname="tests.AdminAlertTest">
    <ignored/>
  </testcase> <!-- testCreateAnAlertOfNetAppQaFileOperationOnIntegratorsForCreatedOperation -->
  <testcase name="testCreateAnAlertFileOperationOffice365ForReadOperation" time="0.0" classname="tests.AdminAlertTest">
    <ignored/>
  </testcase> <!-- testCreateAnAlertFileOperationOffice365ForReadOperation -->
  <testcase name="testUserIsAbleToFilterAlertByIntegrationNameFileOperationOnAgents" time="0.0" classname="tests.AdminAlertTest">
    <ignored/>
  </testcase> <!-- testUserIsAbleToFilterAlertByIntegrationNameFileOperationOnAgents -->
  <testcase name="testUserIsAbleToFilterAlertBySeverityAsInfo" time="0.0" classname="tests.AdminAlertTest">
    <ignored/>
  </testcase> <!-- testUserIsAbleToFilterAlertBySeverityAsInfo -->
  <testcase name="testUserIsAbleToFilterAlertContainsQAInIntegrators" time="0.0" classname="tests.AdminAlertTest">
    <ignored/>
  </testcase> <!-- testUserIsAbleToFilterAlertContainsQAInIntegrators -->
  <testcase name="testUserIsAbleToFilterAlertByNameWithContainAndIntegrationAsActivityLessThanXHours" time="0.0" classname="tests.AdminAlertTest">
    <ignored/>
  </testcase> <!-- testUserIsAbleToFilterAlertByNameWithContainAndIntegrationAsActivityLessThanXHours -->
  <testcase name="testUserIsAbleToFilterAlertWithNameEquals" time="0.0" classname="tests.AdminAlertTest">
    <ignored/>
  </testcase> <!-- testUserIsAbleToFilterAlertWithNameEquals -->
  <testcase name="testUserIsAbleToGetResetDefaultValueWhenClickedOnClearButtonOnFilterPoUp" time="0.0" classname="tests.AdminAlertTest">
    <ignored/>
  </testcase> <!-- testUserIsAbleToGetResetDefaultValueWhenClickedOnClearButtonOnFilterPoUp -->
  <testcase name="testCreateAnAlertOfFileOperationOnAgentsForReadOperation" time="0.0" classname="tests.AdminAlertTest">
    <ignored/>
  </testcase> <!-- testCreateAnAlertOfFileOperationOnAgentsForReadOperation -->
</testsuite> <!-- Admin Alert Test -->
