<?xml version="1.0" encoding="UTF-8"?>
<!-- Generated by org.testng.reporters.JUnitXMLReporter -->
<testsuite hostname="Jasvithas-MacBook-Air.local" ignored="14" name="Application Log" tests="1" failures="1" timestamp="2022-03-12T23:37:26 IST" time="201.482" errors="0">
  <testcase name="testApplicationLogIsCreatedForAlertCreated" time="49.137" classname="tests.ApplicationLogTest">
    <failure type="org.openqa.selenium.NoSuchElementException" message="no such element: Unable to locate element: {&amp;quot;method&amp;quot;:&amp;quot;xpath&amp;quot;,&amp;quot;selector&amp;quot;:&amp;quot;//p[text()=&amp;apos;Administration&amp;apos;]&amp;quot;}
  (Session info: chrome=99.0.4844.51)
For documentation on this error, please visit: https://www.seleniumhq.org/exceptions/no_such_element.html
Build info: version: &amp;apos;3.141.59&amp;apos;, revision: &amp;apos;e82be7d358&amp;apos;, time: &amp;apos;2018-11-14T08:17:03&amp;apos;
System info: host: &amp;apos;Jasvithas-MacBook-Air.local&amp;apos;, ip: &amp;apos;127.0.0.1&amp;apos;, os.name: &amp;apos;Mac OS X&amp;apos;, os.arch: &amp;apos;x86_64&amp;apos;, os.version: &amp;apos;12.2.1&amp;apos;, java.version: &amp;apos;1.8.0_321&amp;apos;
Driver info: org.openqa.selenium.chrome.ChromeDriver
Capabilities {acceptInsecureCerts: false, browserName: chrome, browserVersion: 99.0.4844.51, chrome: {chromedriverVersion: 98.0.4758.80 (7f0488e8ba0d8..., userDataDir: /var/folders/by/90mytxvn26g...}, goog:chromeOptions: {debuggerAddress: localhost:52433}, javascriptEnabled: true, networkConnectionEnabled: false, pageLoadStrategy: normal, platform: MAC, platformName: MAC, proxy: Proxy(), setWindowRect: true, strictFileInteractability: false, timeouts: {implicit: 0, pageLoad: 300000, script: 30000}, unhandledPromptBehavior: dismiss and notify, webauthn:extension:credBlob: true, webauthn:extension:largeBlob: true, webauthn:virtualAuthenticators: true}
Session ID: 0e2eb1af21c3b014cf3d01cedd7a080f
*** Element info: {Using=xpath, value=//p[text()=&amp;apos;Administration&amp;apos;]}">
      <![CDATA[org.openqa.selenium.NoSuchElementException: no such element: Unable to locate element: {"method":"xpath","selector":"//p[text()='Administration']"}
  (Session info: chrome=99.0.4844.51)
For documentation on this error, please visit: https://www.seleniumhq.org/exceptions/no_such_element.html
Build info: version: '3.141.59', revision: 'e82be7d358', time: '2018-11-14T08:17:03'
System info: host: 'Jasvithas-MacBook-Air.local', ip: '127.0.0.1', os.name: 'Mac OS X', os.arch: 'x86_64', os.version: '12.2.1', java.version: '1.8.0_321'
Driver info: org.openqa.selenium.chrome.ChromeDriver
Capabilities {acceptInsecureCerts: false, browserName: chrome, browserVersion: 99.0.4844.51, chrome: {chromedriverVersion: 98.0.4758.80 (7f0488e8ba0d8..., userDataDir: /var/folders/by/90mytxvn26g...}, goog:chromeOptions: {debuggerAddress: localhost:52433}, javascriptEnabled: true, networkConnectionEnabled: false, pageLoadStrategy: normal, platform: MAC, platformName: MAC, proxy: Proxy(), setWindowRect: true, strictFileInteractability: false, timeouts: {implicit: 0, pageLoad: 300000, script: 30000}, unhandledPromptBehavior: dismiss and notify, webauthn:extension:credBlob: true, webauthn:extension:largeBlob: true, webauthn:virtualAuthenticators: true}
Session ID: 0e2eb1af21c3b014cf3d01cedd7a080f
*** Element info: {Using=xpath, value=//p[text()='Administration']}
at org.openqa.selenium.remote.http.W3CHttpResponseCodec.createException(W3CHttpResponseCodec.java:187)
at org.openqa.selenium.remote.http.W3CHttpResponseCodec.decode(W3CHttpResponseCodec.java:122)
at org.openqa.selenium.remote.http.W3CHttpResponseCodec.decode(W3CHttpResponseCodec.java:49)
at org.openqa.selenium.remote.HttpCommandExecutor.execute(HttpCommandExecutor.java:158)
at org.openqa.selenium.remote.service.DriverCommandExecutor.execute(DriverCommandExecutor.java:83)
at org.openqa.selenium.remote.RemoteWebDriver.execute(RemoteWebDriver.java:552)
at org.openqa.selenium.remote.RemoteWebDriver.findElement(RemoteWebDriver.java:323)
at org.openqa.selenium.remote.RemoteWebDriver.findElementByXPath(RemoteWebDriver.java:428)
at org.openqa.selenium.By$ByXPath.findElement(By.java:353)
at org.openqa.selenium.remote.RemoteWebDriver.findElement(RemoteWebDriver.java:315)
at utility.DriverPage.clickOn(DriverPage.java:155)
at utility.DriverPage.selectTopMenu(DriverPage.java:397)
at pages.Admin_AlertsPage.selectAdminMenu(Admin_AlertsPage.java:24)
at tests.ApplicationLogTest.testApplicationLogIsCreatedForAlertCreated(ApplicationLogTest.java:90)
at java.util.ArrayList.forEach(ArrayList.java:1259)
at java.util.concurrent.FutureTask.run(FutureTask.java:266)
at java.util.concurrent.ThreadPoolExecutor.runWorker(ThreadPoolExecutor.java:1149)
at java.util.concurrent.ThreadPoolExecutor$Worker.run(ThreadPoolExecutor.java:624)
at java.lang.Thread.run(Thread.java:750)
... Removed 22 stack frames]]>
    </failure>
  </testcase> <!-- testApplicationLogIsCreatedForAlertCreated -->
  <testcase name="testUserIsAbleToFilterApplicationLogWithObjectContains" time="0.0" classname="tests.ApplicationLogTest">
    <ignored/>
  </testcase> <!-- testUserIsAbleToFilterApplicationLogWithObjectContains -->
  <testcase name="testApplicationLogIsCreatedForUserLogin" time="0.0" classname="tests.ApplicationLogTest">
    <ignored/>
  </testcase> <!-- testApplicationLogIsCreatedForUserLogin -->
  <testcase name="testApplicationLogIsCreatedForUserModified" time="0.0" classname="tests.ApplicationLogTest">
    <ignored/>
  </testcase> <!-- testApplicationLogIsCreatedForUserModified -->
  <testcase name="testApplicationLogIsCreatedForAlertDeleted" time="0.0" classname="tests.ApplicationLogTest">
    <ignored/>
  </testcase> <!-- testApplicationLogIsCreatedForAlertDeleted -->
  <testcase name="testUserIsAbleToFilterApplicationLogWithUserContains" time="0.0" classname="tests.ApplicationLogTest">
    <ignored/>
  </testcase> <!-- testUserIsAbleToFilterApplicationLogWithUserContains -->
  <testcase name="testApplicationLogIsCreatedForUserCreated" time="0.0" classname="tests.ApplicationLogTest">
    <ignored/>
  </testcase> <!-- testApplicationLogIsCreatedForUserCreated -->
  <testcase name="testApplicationLogIsCreatedForUserLoginFailed" time="0.0" classname="tests.ApplicationLogTest">
    <ignored/>
  </testcase> <!-- testApplicationLogIsCreatedForUserLoginFailed -->
  <testcase name="testApplicationLogIsCreatedForFileAuditModified" time="0.0" classname="tests.ApplicationLogTest">
    <ignored/>
  </testcase> <!-- testApplicationLogIsCreatedForFileAuditModified -->
  <testcase name="testUserIsAbleToFilterApplicationLogWithObjectTypeUser" time="0.0" classname="tests.ApplicationLogTest">
    <ignored/>
  </testcase> <!-- testUserIsAbleToFilterApplicationLogWithObjectTypeUser -->
  <testcase name="testApplicationLogIsCreatedForPrintJobModified" time="0.0" classname="tests.ApplicationLogTest">
    <ignored/>
  </testcase> <!-- testApplicationLogIsCreatedForPrintJobModified -->
  <testcase name="testApplicationLogIsCreatedForUserDeleted" time="0.0" classname="tests.ApplicationLogTest">
    <ignored/>
  </testcase> <!-- testApplicationLogIsCreatedForUserDeleted -->
  <testcase name="testUserIsAbleExportAndDownloadPageEventsInSelectedFormatsByUser" time="0.0" classname="tests.ApplicationLogTest">
    <ignored/>
  </testcase> <!-- testUserIsAbleExportAndDownloadPageEventsInSelectedFormatsByUser -->
  <testcase name="testApplicationLogIsCreatedForAlertModified" time="0.0" classname="tests.ApplicationLogTest">
    <ignored/>
  </testcase> <!-- testApplicationLogIsCreatedForAlertModified -->
  <testcase name="testUserIsAbleToFilterApplicationLogWithActionModified" time="0.0" classname="tests.ApplicationLogTest">
    <ignored/>
  </testcase> <!-- testUserIsAbleToFilterApplicationLogWithActionModified -->
</testsuite> <!-- Application Log -->
